assets/build/app/intermediates/manifest_merge_blame_file/release/manifest-merger-blame-release-report.txt
1<?xml version="1.0" encoding="utf-8"?>
2<manifest xmlns:android="http://schemas.android.com/apk/res/android"
3    package="com.xr.chatsample"
4    android:versionCode="1"
5    android:versionName="1.0.0" >
6
7    <uses-sdk
8        android:minSdkVersion="21"
8-->src/main/AndroidManifest.xml
9        android:targetSdkVersion="29" />
9-->src/main/AndroidManifest.xml
10    <!--
11         io.flutter.app.FlutterApplication is an android.app.Application that
12         calls FlutterMain.startInitialization(this); in its onCreate method.
13         In most cases you can leave this as-is, but you if you want to provide
14         additional functionality it is fine to subclass or reimplement
15         FlutterApplication and put your custom class here.
16    -->
17
18    <uses-permission android:name="android.permission.WRITE_EXTERNAL_STORAGE" />
18-->src/main/AndroidManifest.xml:9:5-81
18-->src/main/AndroidManifest.xml:9:22-78
19    <uses-permission android:name="android.permission.READ_EXTERNAL_STORAGE" />
19-->src/main/AndroidManifest.xml:10:5-80
19-->src/main/AndroidManifest.xml:10:22-77
20    <uses-permission android:name="android.permission.INTERNET" />
20-->src/main/AndroidManifest.xml:11:5-66
20-->src/main/AndroidManifest.xml:11:22-64
21    <uses-permission android:name="android.permission.ACCESS_NETWORK_STATE" />
21-->[:connectivity] AndroidManifest.xml:7:5-79
21-->[:connectivity] AndroidManifest.xml:7:22-76
22    <uses-permission android:name="android.permission.ACCESS_WIFI_STATE" />
22-->[:connectivity] AndroidManifest.xml:8:5-76
22-->[:connectivity] AndroidManifest.xml:8:22-73
23
24    <application
24-->src/main/AndroidManifest.xml:13:5-39:19
25        android:name="io.flutter.app.FlutterApplication"
25-->src/main/AndroidManifest.xml:14:9-57
26        android:appComponentFactory="androidx.core.app.CoreComponentFactory"
26-->[androidx.core:core:1.6.0] AndroidManifest.xml:24:18-86
27        android:icon="@mipmap/launcher_icon"
27-->src/main/AndroidManifest.xml:15:9-45
28        android:label="XmppChat"
28-->src/main/AndroidManifest.xml:17:9-33
29        android:requestLegacyExternalStorage="true" >
29-->src/main/AndroidManifest.xml:16:9-52
30        <activity
30-->src/main/AndroidManifest.xml:18:9-29:20
31            android:name="com.xr.chatsample.MainActivity"
31-->src/main/AndroidManifest.xml:19:13-41
32            android:configChanges="orientation|keyboardHidden|keyboard|screenSize|smallestScreenSize|locale|layoutDirection|fontScale|screenLayout|density|uiMode"
32-->src/main/AndroidManifest.xml:20:13-163
33            android:hardwareAccelerated="true"
33-->src/main/AndroidManifest.xml:21:13-47
34            android:launchMode="singleTop"
34-->src/main/AndroidManifest.xml:22:13-43
35            android:theme="@style/LaunchTheme"
35-->src/main/AndroidManifest.xml:23:13-47
36            android:windowSoftInputMode="adjustResize" >
36-->src/main/AndroidManifest.xml:24:13-55
37            <intent-filter>
37-->src/main/AndroidManifest.xml:25:13-28:29
38                <action android:name="android.intent.action.MAIN" />
38-->src/main/AndroidManifest.xml:26:17-69
38-->src/main/AndroidManifest.xml:26:25-66
39
40                <category android:name="android.intent.category.LAUNCHER" />
40-->src/main/AndroidManifest.xml:27:17-77
40-->src/main/AndroidManifest.xml:27:27-74
41            </intent-filter>
42        </activity>
43        <!--
44             Don't delete the meta-data below.
45             This is used by the Flutter tool to generate GeneratedPluginRegistrant.java
46        -->
47        <meta-data
47-->src/main/AndroidManifest.xml:32:9-34:33
48            android:name="flutterEmbedding"
48-->src/main/AndroidManifest.xml:33:13-44
49            android:value="2" />
49-->src/main/AndroidManifest.xml:34:13-30
50
51        <service android:name="com.xr.chatsample.FlutterXmppConnectionService" >
51-->src/main/AndroidManifest.xml:36:9-38:19
51-->src/main/AndroidManifest.xml:36:18-62
52        </service>
53
54        <provider
54-->[:image_picker] AndroidManifest.xml:8:9-16:20
55            android:name="io.flutter.plugins.imagepicker.ImagePickerFileProvider"
55-->[:image_picker] AndroidManifest.xml:9:13-82
56            android:authorities="com.xr.chatsample.flutter.image_provider"
56-->[:image_picker] AndroidManifest.xml:10:13-74
57            android:exported="false"
57-->[:image_picker] AndroidManifest.xml:11:13-37
58            android:grantUriPermissions="true" >
58-->[:image_picker] AndroidManifest.xml:12:13-47
59            <meta-data
59-->[:image_picker] AndroidManifest.xml:13:13-15:75
60                android:name="android.support.FILE_PROVIDER_PATHS"
60-->[:image_picker] AndroidManifest.xml:14:17-67
61                android:resource="@xml/flutter_image_picker_file_paths" />
61-->[:image_picker] AndroidManifest.xml:15:17-72
62        </provider>
63
64        <service
64-->[:xmpp_plugin] AndroidManifest.xml:8:9-11:40
65            android:name="org.xrstudio.xmpp.flutter_xmpp.Connection.FlutterXmppConnectionService"
65-->[:xmpp_plugin] AndroidManifest.xml:9:13-98
66            android:enabled="true"
66-->[:xmpp_plugin] AndroidManifest.xml:10:13-35
67            android:exported="false" />
67-->[:xmpp_plugin] AndroidManifest.xml:11:13-37
68
69        <provider
69-->[:share] AndroidManifest.xml:8:9-16:20
70            android:name="io.flutter.plugins.share.ShareFileProvider"
70-->[:share] AndroidManifest.xml:9:13-70
71            android:authorities="com.xr.chatsample.flutter.share_provider"
71-->[:share] AndroidManifest.xml:10:13-74
72            android:exported="false"
72-->[:share] AndroidManifest.xml:11:13-37
73            android:grantUriPermissions="true" >
73-->[:share] AndroidManifest.xml:12:13-47
74            <meta-data
74-->[:image_picker] AndroidManifest.xml:13:13-15:75
75                android:name="android.support.FILE_PROVIDER_PATHS"
75-->[:image_picker] AndroidManifest.xml:14:17-67
76                android:resource="@xml/flutter_share_file_paths" />
76-->[:image_picker] AndroidManifest.xml:15:17-72
77        </provider>
78    </application>
79
80</manifest>